[debug] [2025-05-02T18:42:26.802Z] ----------------------------------------------------------------------
[debug] [2025-05-02T18:42:26.804Z] Command:       D:\nodejs\node.exe C:\Users\ruand\AppData\Roaming\npm\node_modules\firebase-tools\lib\bin\firebase.js init
[debug] [2025-05-02T18:42:26.805Z] CLI Version:   14.2.2
[debug] [2025-05-02T18:42:26.805Z] Platform:      win32
[debug] [2025-05-02T18:42:26.805Z] Node Version:  v22.12.0
[debug] [2025-05-02T18:42:26.805Z] Time:          Fri May 02 2025 15:42:26 GMT-0300 (Brasilia Standard Time)
[debug] [2025-05-02T18:42:26.805Z] ----------------------------------------------------------------------
[debug] 
[debug] [2025-05-02T18:42:26.809Z] > command requires scopes: ["email","openid","https://www.googleapis.com/auth/cloudplatformprojects.readonly","https://www.googleapis.com/auth/firebase","https://www.googleapis.com/auth/cloud-platform"]
[debug] [2025-05-02T18:42:26.809Z] > authorizing via signed-in user (ruandgn123@gmail.com)
[info] 
     ######## #### ########  ######## ########     ###     ######  ########
     ##        ##  ##     ## ##       ##     ##  ##   ##  ##       ##
     ######    ##  ########  ######   ########  #########  ######  ######
     ##        ##  ##    ##  ##       ##     ## ##     ##       ## ##
     ##       #### ##     ## ######## ########  ##     ##  ######  ########

You're about to initialize a Firebase project in this directory:

  D:\GitHub\lading-page-furiosa\chat-furioso

[info] 
=== Project Setup
[info] 
[info] First, let's associate this project directory with a Firebase project.
[info] You can create multiple project aliases by running firebase use --add, 
[info] but for now we'll just set up a default project.
[info] 
[debug] [2025-05-02T18:43:11.015Z] Checked if tokens are valid: false, expires at: 1662918722179
[debug] [2025-05-02T18:43:11.015Z] Checked if tokens are valid: false, expires at: 1662918722179
[debug] [2025-05-02T18:43:11.016Z] > refreshing access token with scopes: []
[debug] [2025-05-02T18:43:11.017Z] >>> [apiv2][query] POST https://www.googleapis.com/oauth2/v3/token [none]
[debug] [2025-05-02T18:43:11.017Z] >>> [apiv2][body] POST https://www.googleapis.com/oauth2/v3/token [omitted]
[debug] [2025-05-02T18:43:11.562Z] <<< [apiv2][status] POST https://www.googleapis.com/oauth2/v3/token 400
[debug] [2025-05-02T18:43:11.563Z] <<< [apiv2][body] POST https://www.googleapis.com/oauth2/v3/token [omitted]
[debug] [2025-05-02T18:43:11.563Z] >>> [apiv2][query] GET https://firebase.googleapis.com/v1beta1/projects pageSize=100
[debug] [2025-05-02T18:43:11.840Z] <<< [apiv2][status] GET https://firebase.googleapis.com/v1beta1/projects 401
[debug] [2025-05-02T18:43:11.840Z] <<< [apiv2][body] GET https://firebase.googleapis.com/v1beta1/projects [omitted]
[debug] [2025-05-02T18:43:11.840Z] Got a 401 Unauthenticated error for a call that required authentication. Refreshing tokens.
[debug] [2025-05-02T18:43:11.840Z] Checked if tokens are valid: false, expires at: 1662918722179
[debug] [2025-05-02T18:43:11.840Z] Checked if tokens are valid: false, expires at: 1662918722179
[debug] [2025-05-02T18:43:11.840Z] > refreshing access token with scopes: []
[debug] [2025-05-02T18:43:11.840Z] >>> [apiv2][query] POST https://www.googleapis.com/oauth2/v3/token [none]
[debug] [2025-05-02T18:43:11.840Z] >>> [apiv2][body] POST https://www.googleapis.com/oauth2/v3/token [omitted]
[debug] [2025-05-02T18:43:11.959Z] <<< [apiv2][status] POST https://www.googleapis.com/oauth2/v3/token 400
[debug] [2025-05-02T18:43:11.959Z] <<< [apiv2][body] POST https://www.googleapis.com/oauth2/v3/token [omitted]
[debug] [2025-05-02T18:43:11.960Z] Request to https://firebase.googleapis.com/v1beta1/projects?pageSize=100 had HTTP Error: 401, Request had invalid authentication credentials. Expected OAuth 2 access token, login cookie or other valid authentication credential. See https://developers.google.com/identity/sign-in/web/devconsole-project.
[debug] [2025-05-02T18:43:12.212Z] FirebaseError: Request to https://firebase.googleapis.com/v1beta1/projects?pageSize=100 had HTTP Error: 401, Request had invalid authentication credentials. Expected OAuth 2 access token, login cookie or other valid authentication credential. See https://developers.google.com/identity/sign-in/web/devconsole-project.
    at responseToError (C:\Users\ruand\AppData\Roaming\npm\node_modules\firebase-tools\lib\responseToError.js:52:12)
    at RetryOperation._fn (C:\Users\ruand\AppData\Roaming\npm\node_modules\firebase-tools\lib\apiv2.js:312:77)
    at process.processTicksAndRejections (node:internal/process/task_queues:105:5)
[error] 
[error] Error: Failed to list Firebase projects. See firebase-debug.log for more info.
